2013.03.23 10:48 B C:\Users\Fuzzi\Documents\Eigene Webs\laserarena\Bild1.gif --> www.mega-burger-grafenwoehr.de /kontakt/laserarena Bild1.gif
2013.03.23 10:48 B C:\Users\Fuzzi\Documents\Eigene Webs\laserarena\index.htm --> www.mega-burger-grafenwoehr.de /kontakt/laserarena index.htm
2013.03.23 11:30 B C:\Users\Fuzzi\Documents\Eigene Webs\laserarena\impressum.htm --> www.mega-burger-grafenwoehr.de /kontakt/laserarena impressum.htm
2013.03.23 11:30 B C:\Users\Fuzzi\Documents\Eigene Webs\laserarena\index.htm --> www.mega-burger-grafenwoehr.de /kontakt/laserarena index.htm
2013.03.23 11:30 B C:\Users\Fuzzi\Documents\Eigene Webs\laserarena\WS_FTP.LOG --> www.mega-burger-grafenwoehr.de /kontakt/laserarena WS_FTP.LOG
2013.03.23 11:33 B C:\Users\Fuzzi\Documents\Eigene Webs\laserarena\impressum.htm --> www.mega-burger-grafenwoehr.de /kontakt impressum.htm
2013.04.02 23:56 B C:\Users\Fuzzi\Documents\Eigene Webs\laserarena\Bild1.gif --> www.mega-burger-grafenwoehr.de /kontakt/laserarena Bild1.gif
2013.04.02 23:56 B C:\Users\Fuzzi\Documents\Eigene Webs\laserarena\Bild5.jpg --> www.mega-burger-grafenwoehr.de /kontakt/laserarena Bild5.jpg
2013.04.02 23:56 B C:\Users\Fuzzi\Documents\Eigene Webs\laserarena\impressum.htm --> www.mega-burger-grafenwoehr.de /kontakt/laserarena impressum.htm
2013.04.02 23:56 B C:\Users\Fuzzi\Documents\Eigene Webs\laserarena\index.htm --> www.mega-burger-grafenwoehr.de /kontakt/laserarena index.htm
2013.04.02 23:56 B C:\Users\Fuzzi\Documents\Eigene Webs\laserarena\WS_FTP.LOG --> www.mega-burger-grafenwoehr.de /kontakt/laserarena WS_FTP.LOG
2013.04.04 13:33 B C:\Users\Fuzzi\Documents\Eigene Webs\laserarena\Bild1.gif --> www.mega-burger-grafenwoehr.de /kontakt/laserarena Bild1.gif
2013.04.04 13:33 B C:\Users\Fuzzi\Documents\Eigene Webs\laserarena\Bild5.jpg --> www.mega-burger-grafenwoehr.de /kontakt/laserarena Bild5.jpg
2013.04.04 13:33 B C:\Users\Fuzzi\Documents\Eigene Webs\laserarena\hintergrund.jpg --> www.mega-burger-grafenwoehr.de /kontakt/laserarena hintergrund.jpg
2013.04.04 13:33 B C:\Users\Fuzzi\Documents\Eigene Webs\laserarena\impressum.htm --> www.mega-burger-grafenwoehr.de /kontakt/laserarena impressum.htm
2013.04.04 13:33 B C:\Users\Fuzzi\Documents\Eigene Webs\laserarena\index.html --> www.mega-burger-grafenwoehr.de /kontakt/laserarena index.html
2013.04.04 13:33 B C:\Users\Fuzzi\Documents\Eigene Webs\laserarena\LT Hausord..doc --> www.mega-burger-grafenwoehr.de /kontakt/laserarena LT Hausord..doc
2013.04.04 13:33 B C:\Users\Fuzzi\Documents\Eigene Webs\laserarena\LT Hausord..pdf --> www.mega-burger-grafenwoehr.de /kontakt/laserarena LT Hausord..pdf
2013.04.04 13:33 B C:\Users\Fuzzi\Documents\Eigene Webs\laserarena\oben.html --> www.mega-burger-grafenwoehr.de /kontakt/laserarena oben.html
2013.04.04 13:33 B C:\Users\Fuzzi\Documents\Eigene Webs\laserarena\Spielbedingungen.doc --> www.mega-burger-grafenwoehr.de /kontakt/laserarena Spielbedingungen.doc
2013.04.04 13:33 B C:\Users\Fuzzi\Documents\Eigene Webs\laserarena\Spielbedingungen.pdf --> www.mega-burger-grafenwoehr.de /kontakt/laserarena Spielbedingungen.pdf
2013.04.04 13:33 B C:\Users\Fuzzi\Documents\Eigene Webs\laserarena\Spielbeschreibung.doc --> www.mega-burger-grafenwoehr.de /kontakt/laserarena Spielbeschreibung.doc
2013.04.04 13:33 B C:\Users\Fuzzi\Documents\Eigene Webs\laserarena\Spielbeschreibung.pdf --> www.mega-burger-grafenwoehr.de /kontakt/laserarena Spielbeschreibung.pdf
2013.04.04 13:33 B C:\Users\Fuzzi\Documents\Eigene Webs\laserarena\unten.htm --> www.mega-burger-grafenwoehr.de /kontakt/laserarena unten.htm
2013.04.04 13:37 B C:\Users\Fuzzi\Documents\Eigene Webs\laserarena\Bild1.gif --> www.mega-burger-grafenwoehr.de /kontakt/laserarena Bild1.gif
2013.04.04 13:37 B C:\Users\Fuzzi\Documents\Eigene Webs\laserarena\Bild5.jpg --> www.mega-burger-grafenwoehr.de /kontakt/laserarena Bild5.jpg
2013.04.04 13:37 B C:\Users\Fuzzi\Documents\Eigene Webs\laserarena\hintergrund.jpg --> www.mega-burger-grafenwoehr.de /kontakt/laserarena hintergrund.jpg
2013.04.04 13:37 B C:\Users\Fuzzi\Documents\Eigene Webs\laserarena\impressum.htm --> www.mega-burger-grafenwoehr.de /kontakt/laserarena impressum.htm
2013.04.04 13:37 B C:\Users\Fuzzi\Documents\Eigene Webs\laserarena\index.html --> www.mega-burger-grafenwoehr.de /kontakt/laserarena index.html
2013.04.04 13:37 B C:\Users\Fuzzi\Documents\Eigene Webs\laserarena\LT Hausord..doc --> www.mega-burger-grafenwoehr.de /kontakt/laserarena LT Hausord..doc
2013.04.04 13:37 B C:\Users\Fuzzi\Documents\Eigene Webs\laserarena\LT Hausord..pdf --> www.mega-burger-grafenwoehr.de /kontakt/laserarena LT Hausord..pdf
2013.04.04 13:37 B C:\Users\Fuzzi\Documents\Eigene Webs\laserarena\oben.html --> www.mega-burger-grafenwoehr.de /kontakt/laserarena oben.html
2013.04.04 13:37 B C:\Users\Fuzzi\Documents\Eigene Webs\laserarena\Spielbedingungen.doc --> www.mega-burger-grafenwoehr.de /kontakt/laserarena Spielbedingungen.doc
2013.04.04 13:37 B C:\Users\Fuzzi\Documents\Eigene Webs\laserarena\Spielbedingungen.pdf --> www.mega-burger-grafenwoehr.de /kontakt/laserarena Spielbedingungen.pdf
2013.04.04 13:37 B C:\Users\Fuzzi\Documents\Eigene Webs\laserarena\Spielbeschreibung.doc --> www.mega-burger-grafenwoehr.de /kontakt/laserarena Spielbeschreibung.doc
2013.04.04 13:37 B C:\Users\Fuzzi\Documents\Eigene Webs\laserarena\Spielbeschreibung.pdf --> www.mega-burger-grafenwoehr.de /kontakt/laserarena Spielbeschreibung.pdf
2013.04.04 13:37 B C:\Users\Fuzzi\Documents\Eigene Webs\laserarena\unten.htm --> www.mega-burger-grafenwoehr.de /kontakt/laserarena unten.htm
2013.04.04 13:52 B C:\Users\Fuzzi\Documents\Eigene Webs\laserarena\buttonA.jpg --> www.mega-burger-grafenwoehr.de /kontakt/laserarena buttonA.jpg
2013.04.04 13:52 B C:\Users\Fuzzi\Documents\Eigene Webs\laserarena\buttonB.jpg --> www.mega-burger-grafenwoehr.de /kontakt/laserarena buttonB.jpg
2013.04.04 13:52 B C:\Users\Fuzzi\Documents\Eigene Webs\laserarena\buttonC.jpg --> www.mega-burger-grafenwoehr.de /kontakt/laserarena buttonC.jpg
2013.04.04 13:52 B C:\Users\Fuzzi\Documents\Eigene Webs\laserarena\oben.html --> www.mega-burger-grafenwoehr.de /kontakt/laserarena oben.html
2013.04.04 13:52 B C:\Users\Fuzzi\Documents\Eigene Webs\laserarena\unten.htm --> www.mega-burger-grafenwoehr.de /kontakt/laserarena unten.htm
2013.04.04 13:52 B C:\Users\Fuzzi\Documents\Eigene Webs\laserarena\WS_FTP.LOG --> www.mega-burger-grafenwoehr.de /kontakt/laserarena WS_FTP.LOG
2013.04.04 13:56 B C:\Users\Fuzzi\Documents\Eigene Webs\laserarena\index.html --> www.mega-burger-grafenwoehr.de /kontakt/laserarena index.html
2013.04.04 13:56 B C:\Users\Fuzzi\Documents\Eigene Webs\laserarena\oben.html --> www.mega-burger-grafenwoehr.de /kontakt/laserarena oben.html
2013.04.04 14:07 B C:\Users\Fuzzi\Documents\Eigene Webs\laserarena\impressum.htm <-- megaburger /kontakt/laserarena impressum.htm
2013.04.04 14:08 B C:\Users\Fuzzi\Documents\Eigene Webs\laserarena\impressum.htm --> www.mega-burger-grafenwoehr.de /kontakt/laserarena impressum.htm
2013.04.04 14:15 B C:\Users\Fuzzi\Documents\Eigene Webs\laserarena\button8.jpg --> www.mega-burger-grafenwoehr.de /kontakt/laserarena button8.jpg
2013.04.04 14:15 B C:\Users\Fuzzi\Documents\Eigene Webs\laserarena\button9.jpg --> www.mega-burger-grafenwoehr.de /kontakt/laserarena button9.jpg
2013.04.04 14:15 B C:\Users\Fuzzi\Documents\Eigene Webs\laserarena\buttonD.jpg --> www.mega-burger-grafenwoehr.de /kontakt/laserarena buttonD.jpg
2013.04.04 14:15 B C:\Users\Fuzzi\Documents\Eigene Webs\laserarena\oben.html --> www.mega-burger-grafenwoehr.de /kontakt/laserarena oben.html
2013.04.04 14:15 B C:\Users\Fuzzi\Documents\Eigene Webs\laserarena\WS_FTP.LOG --> www.mega-burger-grafenwoehr.de /kontakt/laserarena WS_FTP.LOG
2013.04.04 14:31 B C:\Users\Fuzzi\Documents\Eigene Webs\laserarena\button7.jpg --> www.mega-burger-grafenwoehr.de /kontakt/laserarena button7.jpg
2013.04.04 14:31 B C:\Users\Fuzzi\Documents\Eigene Webs\laserarena\button8.jpg --> www.mega-burger-grafenwoehr.de /kontakt/laserarena button8.jpg
2013.04.04 14:31 B C:\Users\Fuzzi\Documents\Eigene Webs\laserarena\button9.jpg --> www.mega-burger-grafenwoehr.de /kontakt/laserarena button9.jpg
2013.04.04 14:31 B C:\Users\Fuzzi\Documents\Eigene Webs\laserarena\buttonA.jpg --> www.mega-burger-grafenwoehr.de /kontakt/laserarena buttonA.jpg
2013.04.04 14:31 B C:\Users\Fuzzi\Documents\Eigene Webs\laserarena\buttonB.jpg --> www.mega-burger-grafenwoehr.de /kontakt/laserarena buttonB.jpg
2013.04.04 14:31 B C:\Users\Fuzzi\Documents\Eigene Webs\laserarena\buttonC.jpg --> www.mega-burger-grafenwoehr.de /kontakt/laserarena buttonC.jpg
2013.04.04 14:31 B C:\Users\Fuzzi\Documents\Eigene Webs\laserarena\buttonD.jpg --> www.mega-burger-grafenwoehr.de /kontakt/laserarena buttonD.jpg
2013.04.04 14:31 B C:\Users\Fuzzi\Documents\Eigene Webs\laserarena\buttonE.jpg --> www.mega-burger-grafenwoehr.de /kontakt/laserarena buttonE.jpg
2013.04.04 14:31 B C:\Users\Fuzzi\Documents\Eigene Webs\laserarena\buttonF.jpg --> www.mega-burger-grafenwoehr.de /kontakt/laserarena buttonF.jpg
2013.04.04 14:31 B C:\Users\Fuzzi\Documents\Eigene Webs\laserarena\oben.html --> www.mega-burger-grafenwoehr.de /kontakt/laserarena oben.html
2013.04.04 14:31 B C:\Users\Fuzzi\Documents\Eigene Webs\laserarena\unten.htm --> www.mega-burger-grafenwoehr.de /kontakt/laserarena unten.htm
