vti_encoding:SR|utf8-nl
vti_timelastmodified:TR|23 Mar 2013 09:48:37 -0000
vti_extenderversion:SR|5.0.2.6790
vti_author:SR|Fuzzi-PC\\Fuzzi
vti_modifiedby:SR|Fuzzi-PC\\Fuzzi
vti_timecreated:TR|23 Mar 2013 09:48:37 -0000
2013.03.23 11:30 B C:
2013.04.02 23:56 B C:
2013.04.04 13:52 B C:
2013.04.04 14:15 B C:
2013.04.04 14:31 B C:\Users\Fuzzi\Documents\Eigene Webs\laserarena\_vti_cnf\button7.jpg --> www.mega-burger-grafenwoehr.de /kontakt/laserarena/_vti_cnf button7.jpg
2013.04.04 14:31 B C:\Users\Fuzzi\Documents\Eigene Webs\laserarena\_vti_cnf\button8.jpg --> www.mega-burger-grafenwoehr.de /kontakt/laserarena/_vti_cnf button8.jpg
2013.04.04 14:31 B C:\Users\Fuzzi\Documents\Eigene Webs\laserarena\_vti_cnf\button9.jpg --> www.mega-burger-grafenwoehr.de /kontakt/laserarena/_vti_cnf button9.jpg
2013.04.04 14:31 B C:\Users\Fuzzi\Documents\Eigene Webs\laserarena\_vti_cnf\buttonA.jpg --> www.mega-burger-grafenwoehr.de /kontakt/laserarena/_vti_cnf buttonA.jpg
2013.04.04 14:31 B C:\Users\Fuzzi\Documents\Eigene Webs\laserarena\_vti_cnf\buttonB.jpg --> www.mega-burger-grafenwoehr.de /kontakt/laserarena/_vti_cnf buttonB.jpg
2013.04.04 14:31 B C:\Users\Fuzzi\Documents\Eigene Webs\laserarena\_vti_cnf\buttonC.jpg --> www.mega-burger-grafenwoehr.de /kontakt/laserarena/_vti_cnf buttonC.jpg
2013.04.04 14:31 B C:\Users\Fuzzi\Documents\Eigene Webs\laserarena\_vti_cnf\buttonD.jpg --> www.mega-burger-grafenwoehr.de /kontakt/laserarena/_vti_cnf buttonD.jpg
2013.04.04 14:31 B C:\Users\Fuzzi\Documents\Eigene Webs\laserarena\_vti_cnf\buttonE.jpg --> www.mega-burger-grafenwoehr.de /kontakt/laserarena/_vti_cnf buttonE.jpg
2013.04.04 14:31 B C:\Users\Fuzzi\Documents\Eigene Webs\laserarena\_vti_cnf\buttonF.jpg --> www.mega-burger-grafenwoehr.de /kontakt/laserarena/_vti_cnf buttonF.jpg
2013.04.04 14:31 B C:\Users\Fuzzi\Documents\Eigene Webs\laserarena\_vti_cnf\impressum.htm --> www.mega-burger-grafenwoehr.de /kontakt/laserarena/_vti_cnf impressum.htm
2013.04.04 14:31 B C:\Users\Fuzzi\Documents\Eigene Webs\laserarena\_vti_cnf\oben.html --> www.mega-burger-grafenwoehr.de /kontakt/laserarena/_vti_cnf oben.html
2013.04.04 14:31 B C:\Users\Fuzzi\Documents\Eigene Webs\laserarena\_vti_cnf\unten.htm --> www.mega-burger-grafenwoehr.de /kontakt/laserarena/_vti_cnf unten.htm
